  Component.cpp
C:\Users\brandon.labbe\Desktop\Godot\godot-cpp\include\core\Math.hpp(117,23): warning C4244: 'return': conversion from 'double' to 'float', possible loss of data
C:\Users\brandon.labbe\Desktop\Godot\godot-cpp\include\core\Math.hpp(124,21): warning C4244: 'return': conversion from 'double' to 'float', possible loss of data
C:\Users\brandon.labbe\Desktop\Godot\godot-cpp\include\core\Math.hpp(147,19): warning C4244: 'initializing': conversion from 'double' to 'real_t', possible loss of data
C:\Users\brandon.labbe\Desktop\Godot\godot-cpp\include\core\Math.hpp(149,26): warning C4305: '=': truncation from 'double' to 'real_t'
C:\Users\brandon.labbe\Desktop\Godot\godot-cpp\include\core\Math.hpp(168,30): warning C4244: 'argument': conversion from 'double' to 'real_t', possible loss of data
C:\Users\brandon.labbe\Desktop\Godot\godot-cpp\include\core\Math.hpp(168,22): warning C4244: 'argument': conversion from 'double' to 'real_t', possible loss of data
C:\Users\brandon.labbe\Desktop\Godot\godot-cpp\include\core\Math.hpp(208,16): warning C4244: 'return': conversion from 'double' to 'float', possible loss of data
C:\Users\brandon.labbe\Desktop\Godot\godot-cpp\include\core\Math.hpp(218,24): warning C4244: 'argument': conversion from 'double' to 'real_t', possible loss of data
C:\Users\brandon.labbe\Desktop\Godot\godot-cpp\include\core\Math.hpp(227,43): warning C4244: '=': conversion from 'double' to 'real_t', possible loss of data
C:\Users\brandon.labbe\Desktop\Godot\godot-cpp\include\gen\Reference.hpp(8,10): fatal error C1083: Cannot open include file: 'core/CoreTypes.hpp': No such file or directory
  Entity.cpp
C:\Users\brandon.labbe\Desktop\Godot\godot-cpp\include\core\Math.hpp(117,23): warning C4244: 'return': conversion from 'double' to 'float', possible loss of data
C:\Users\brandon.labbe\Desktop\Godot\godot-cpp\include\core\Math.hpp(124,21): warning C4244: 'return': conversion from 'double' to 'float', possible loss of data
C:\Users\brandon.labbe\Desktop\Godot\godot-cpp\include\core\Math.hpp(147,19): warning C4244: 'initializing': conversion from 'double' to 'real_t', possible loss of data
C:\Users\brandon.labbe\Desktop\Godot\godot-cpp\include\core\Math.hpp(149,26): warning C4305: '=': truncation from 'double' to 'real_t'
C:\Users\brandon.labbe\Desktop\Godot\godot-cpp\include\core\Math.hpp(168,30): warning C4244: 'argument': conversion from 'double' to 'real_t', possible loss of data
C:\Users\brandon.labbe\Desktop\Godot\godot-cpp\include\core\Math.hpp(168,22): warning C4244: 'argument': conversion from 'double' to 'real_t', possible loss of data
C:\Users\brandon.labbe\Desktop\Godot\godot-cpp\include\core\Math.hpp(208,16): warning C4244: 'return': conversion from 'double' to 'float', possible loss of data
C:\Users\brandon.labbe\Desktop\Godot\godot-cpp\include\core\Math.hpp(218,24): warning C4244: 'argument': conversion from 'double' to 'real_t', possible loss of data
C:\Users\brandon.labbe\Desktop\Godot\godot-cpp\include\core\Math.hpp(227,43): warning C4244: '=': conversion from 'double' to 'real_t', possible loss of data
C:\Users\brandon.labbe\Desktop\Godot\godot-cpp\include\gen\Reference.hpp(8,10): fatal error C1083: Cannot open include file: 'core/CoreTypes.hpp': No such file or directory
  NativeLib.cpp
C:\Users\brandon.labbe\Desktop\Godot\godot-cpp\include\core\Math.hpp(117,23): warning C4244: 'return': conversion from 'double' to 'float', possible loss of data
C:\Users\brandon.labbe\Desktop\Godot\godot-cpp\include\core\Math.hpp(124,21): warning C4244: 'return': conversion from 'double' to 'float', possible loss of data
C:\Users\brandon.labbe\Desktop\Godot\godot-cpp\include\core\Math.hpp(147,19): warning C4244: 'initializing': conversion from 'double' to 'real_t', possible loss of data
C:\Users\brandon.labbe\Desktop\Godot\godot-cpp\include\core\Math.hpp(149,26): warning C4305: '=': truncation from 'double' to 'real_t'
C:\Users\brandon.labbe\Desktop\Godot\godot-cpp\include\core\Math.hpp(168,30): warning C4244: 'argument': conversion from 'double' to 'real_t', possible loss of data
C:\Users\brandon.labbe\Desktop\Godot\godot-cpp\include\core\Math.hpp(168,22): warning C4244: 'argument': conversion from 'double' to 'real_t', possible loss of data
C:\Users\brandon.labbe\Desktop\Godot\godot-cpp\include\core\Math.hpp(208,16): warning C4244: 'return': conversion from 'double' to 'float', possible loss of data
C:\Users\brandon.labbe\Desktop\Godot\godot-cpp\include\core\Math.hpp(218,24): warning C4244: 'argument': conversion from 'double' to 'real_t', possible loss of data
C:\Users\brandon.labbe\Desktop\Godot\godot-cpp\include\core\Math.hpp(227,43): warning C4244: '=': conversion from 'double' to 'real_t', possible loss of data
C:\Users\brandon.labbe\Desktop\Godot\godot-cpp\include\gen\Reference.hpp(8,10): fatal error C1083: Cannot open include file: 'core/CoreTypes.hpp': No such file or directory
  SpriteComponent.cpp
C:\Users\brandon.labbe\Desktop\Godot\godot-cpp\include\core\Math.hpp(117,23): warning C4244: 'return': conversion from 'double' to 'float', possible loss of data
C:\Users\brandon.labbe\Desktop\Godot\godot-cpp\include\core\Math.hpp(124,21): warning C4244: 'return': conversion from 'double' to 'float', possible loss of data
C:\Users\brandon.labbe\Desktop\Godot\godot-cpp\include\core\Math.hpp(147,19): warning C4244: 'initializing': conversion from 'double' to 'real_t', possible loss of data
C:\Users\brandon.labbe\Desktop\Godot\godot-cpp\include\core\Math.hpp(149,26): warning C4305: '=': truncation from 'double' to 'real_t'
C:\Users\brandon.labbe\Desktop\Godot\godot-cpp\include\core\Math.hpp(168,30): warning C4244: 'argument': conversion from 'double' to 'real_t', possible loss of data
C:\Users\brandon.labbe\Desktop\Godot\godot-cpp\include\core\Math.hpp(168,22): warning C4244: 'argument': conversion from 'double' to 'real_t', possible loss of data
C:\Users\brandon.labbe\Desktop\Godot\godot-cpp\include\core\Math.hpp(208,16): warning C4244: 'return': conversion from 'double' to 'float', possible loss of data
C:\Users\brandon.labbe\Desktop\Godot\godot-cpp\include\core\Math.hpp(218,24): warning C4244: 'argument': conversion from 'double' to 'real_t', possible loss of data
C:\Users\brandon.labbe\Desktop\Godot\godot-cpp\include\core\Math.hpp(227,43): warning C4244: '=': conversion from 'double' to 'real_t', possible loss of data
C:\Users\brandon.labbe\Desktop\Godot\godot-cpp\include\gen\Reference.hpp(8,10): fatal error C1083: Cannot open include file: 'core/CoreTypes.hpp': No such file or directory
  Generating Code...
